app/build/outputs/logs/manifest-merger-debug-report.txt
-- Merging decision tree log ---
manifest
ADDED from src/main/AndroidManifest.xml:2:1-157:12
INJECTED from src/main/AndroidManifest.xml:2:1-157:12
INJECTED from src/main/AndroidManifest.xml:2:1-157:12
INJECTED from src/main/AndroidManifest.xml:2:1-157:12
MERGED from [com.android.support:multidex:1.0.2] AndroidManifest.xml:17:1-22:12
MERGED from [com.github.naman14:app-theme-engine:0.5.2] AndroidManifest.xml:2:1-14:12
MERGED from [com.afollestad.material-dialogs:commons:0.9.0.2] AndroidManifest.xml:2:1-14:12
MERGED from [com.afollestad.material-dialogs:core:0.9.0.2] AndroidManifest.xml:2:1-15:12
MERGED from [me.zhanghai.android.materialprogressbar:library:1.1.7] AndroidManifest.xml:6:1-16:12
MERGED from [com.android.support:design:27.0.2] AndroidManifest.xml:17:1-22:12
MERGED from [com.google.android.gms:play-services-cast-framework:11.6.0] AndroidManifest.xml:2:1-9:12
MERGED from [com.google.android.gms:play-services-cast:11.6.0] AndroidManifest.xml:16:1-19:12
MERGED from [com.android.support:mediarouter-v7:27.0.2] AndroidManifest.xml:17:1-22:12
MERGED from [com.android.support:appcompat-v7:27.0.2] AndroidManifest.xml:17:1-22:12
MERGED from [com.android.support:cardview-v7:27.0.2] AndroidManifest.xml:17:1-22:12
MERGED from [com.android.support:recyclerview-v7:27.0.2] AndroidManifest.xml:17:1-22:12
MERGED from [com.android.support:palette-v7:27.0.2] AndroidManifest.xml:17:1-22:12
MERGED from [com.android.support:percent:27.0.2] AndroidManifest.xml:17:1-22:12
MERGED from [net.steamcrafted:materialiconlib:1.1.4] AndroidManifest.xml:2:1-14:12
MERGED from [de.Maxr1998:track-selector-lib:1.2] AndroidManifest.xml:2:1-15:12
MERGED from [com.crashlytics.sdk.android:crashlytics:2.6.5] AndroidManifest.xml:2:1-13:12
MERGED from [com.google.android.gms:play-services-base:11.6.0] AndroidManifest.xml:16:1-21:12
MERGED from [com.google.android.gms:play-services-tasks:11.6.0] AndroidManifest.xml:2:1-5:12
MERGED from [com.google.android.gms:play-services-basement:11.6.0] AndroidManifest.xml:16:1-23:12
MERGED from [com.android.support:support-v4:27.0.2] AndroidManifest.xml:17:1-22:12
MERGED from [com.android.support:support-fragment:27.0.2] AndroidManifest.xml:17:1-22:12
MERGED from [com.android.support:support-core-utils:27.0.2] AndroidManifest.xml:17:1-22:12
MERGED from [com.android.support:support-media-compat:27.0.2] AndroidManifest.xml:17:1-22:12
MERGED from [com.android.support:animated-vector-drawable:27.0.2] AndroidManifest.xml:17:1-22:12
MERGED from [com.android.support:support-core-ui:27.0.2] AndroidManifest.xml:17:1-22:12
MERGED from [com.android.support:support-vector-drawable:27.0.2] AndroidManifest.xml:17:1-22:12
MERGED from [com.android.support:transition:27.0.2] AndroidManifest.xml:17:1-22:12
MERGED from [com.android.support:support-compat:27.0.2] AndroidManifest.xml:17:1-22:12
MERGED from [com.google.android.gms:play-services-cast-framework-license:11.6.0] AndroidManifest.xml:2:1-6:12
MERGED from [com.crashlytics.sdk.android:beta:1.2.2] AndroidManifest.xml:2:1-13:12
MERGED from [com.crashlytics.sdk.android:crashlytics-core:2.3.14] AndroidManifest.xml:2:1-13:12
MERGED from [com.crashlytics.sdk.android:answers:1.3.10] AndroidManifest.xml:2:1-13:12
MERGED from [io.fabric.sdk.android:fabric:1.3.14] AndroidManifest.xml:18:1-29:12
MERGED from [android.arch.lifecycle:runtime:1.0.3] AndroidManifest.xml:17:1-24:12
MERGED from [com.google.android.gms:play-services-base-license:11.6.0] AndroidManifest.xml:2:1-6:12
MERGED from [com.google.android.gms:play-services-cast-license:11.6.0] AndroidManifest.xml:2:1-6:12
MERGED from [com.google.android.gms:play-services-basement-license:11.6.0] AndroidManifest.xml:2:1-6:12
MERGED from [com.google.android.gms:play-services-tasks-license:11.6.0] AndroidManifest.xml:2:1-6:12
INJECTED from src/main/AndroidManifest.xml:2:1-157:12
INJECTED from src/main/AndroidManifest.xml:2:1-157:12
INJECTED from src/main/AndroidManifest.xml:2:1-157:12
	package
		ADDED from src/main/AndroidManifest.xml:4:5-33
		INJECTED from src/main/AndroidManifest.xml
		INJECTED from src/main/AndroidManifest.xml
	android:versionName
		INJECTED from src/main/AndroidManifest.xml
		ADDED from src/main/AndroidManifest.xml:2:1-157:12
		INJECTED from src/main/AndroidManifest.xml
	xmlns:tools
		ADDED from src/main/AndroidManifest.xml:3:5-51
	android:versionCode
		INJECTED from src/main/AndroidManifest.xml
		ADDED from src/main/AndroidManifest.xml:2:1-157:12
		INJECTED from src/main/AndroidManifest.xml
	xmlns:android
		ADDED from src/main/AndroidManifest.xml:2:11-69
uses-sdk
ADDED from src/main/AndroidManifest.xml:6:5-70
INJECTED from src/main/AndroidManifest.xml:6:5-70
INJECTED from src/main/AndroidManifest.xml:6:5-70
MERGED from [com.android.support:multidex:1.0.2] AndroidManifest.xml:20:5-43
MERGED from [com.android.support:multidex:1.0.2] AndroidManifest.xml:20:5-43
MERGED from [com.github.naman14:app-theme-engine:0.5.2] AndroidManifest.xml:8:5-10:41
MERGED from [com.github.naman14:app-theme-engine:0.5.2] AndroidManifest.xml:8:5-10:41
MERGED from [com.afollestad.material-dialogs:commons:0.9.0.2] AndroidManifest.xml:8:5-10:41
MERGED from [com.afollestad.material-dialogs:commons:0.9.0.2] AndroidManifest.xml:8:5-10:41
MERGED from [com.afollestad.material-dialogs:core:0.9.0.2] AndroidManifest.xml:8:5-11:75
MERGED from [com.afollestad.material-dialogs:core:0.9.0.2] AndroidManifest.xml:8:5-11:75
MERGED from [me.zhanghai.android.materialprogressbar:library:1.1.7] AndroidManifest.xml:12:5-14:41
MERGED from [me.zhanghai.android.materialprogressbar:library:1.1.7] AndroidManifest.xml:12:5-14:41
MERGED from [com.android.support:design:27.0.2] AndroidManifest.xml:20:5-44
MERGED from [com.android.support:design:27.0.2] AndroidManifest.xml:20:5-44
MERGED from [com.google.android.gms:play-services-cast-framework:11.6.0] AndroidManifest.xml:3:5-43
MERGED from [com.google.android.gms:play-services-cast-framework:11.6.0] AndroidManifest.xml:3:5-43
MERGED from [com.google.android.gms:play-services-cast:11.6.0] AndroidManifest.xml:17:5-43
MERGED from [com.google.android.gms:play-services-cast:11.6.0] AndroidManifest.xml:17:5-43
MERGED from [com.android.support:mediarouter-v7:27.0.2] AndroidManifest.xml:20:5-44
MERGED from [com.android.support:mediarouter-v7:27.0.2] AndroidManifest.xml:20:5-44
MERGED from [com.android.support:appcompat-v7:27.0.2] AndroidManifest.xml:20:5-44
MERGED from [com.android.support:appcompat-v7:27.0.2] AndroidManifest.xml:20:5-44
MERGED from [com.android.support:cardview-v7:27.0.2] AndroidManifest.xml:20:5-44
MERGED from [com.android.support:cardview-v7:27.0.2] AndroidManifest.xml:20:5-44
MERGED from [com.android.support:recyclerview-v7:27.0.2] AndroidManifest.xml:20:5-44
MERGED from [com.android.support:recyclerview-v7:27.0.2] AndroidManifest.xml:20:5-44
MERGED from [com.android.support:palette-v7:27.0.2] AndroidManifest.xml:20:5-44
MERGED from [com.android.support:palette-v7:27.0.2] AndroidManifest.xml:20:5-44
MERGED from [com.android.support:percent:27.0.2] AndroidManifest.xml:20:5-44
MERGED from [com.android.support:percent:27.0.2] AndroidManifest.xml:20:5-44
MERGED from [net.steamcrafted:materialiconlib:1.1.4] AndroidManifest.xml:7:5-9:41
MERGED from [net.steamcrafted:materialiconlib:1.1.4] AndroidManifest.xml:7:5-9:41
MERGED from [de.Maxr1998:track-selector-lib:1.2] AndroidManifest.xml:7:5-9:41
MERGED from [de.Maxr1998:track-selector-lib:1.2] AndroidManifest.xml:7:5-9:41
MERGED from [com.crashlytics.sdk.android:crashlytics:2.6.5] AndroidManifest.xml:7:5-43
MERGED from [com.crashlytics.sdk.android:crashlytics:2.6.5] AndroidManifest.xml:7:5-43
MERGED from [com.google.android.gms:play-services-base:11.6.0] AndroidManifest.xml:17:5-43
MERGED from [com.google.android.gms:play-services-base:11.6.0] AndroidManifest.xml:17:5-43
MERGED from [com.google.android.gms:play-services-tasks:11.6.0] AndroidManifest.xml:3:5-43
MERGED from [com.google.android.gms:play-services-tasks:11.6.0] AndroidManifest.xml:3:5-43
MERGED from [com.google.android.gms:play-services-basement:11.6.0] AndroidManifest.xml:17:5-43
MERGED from [com.google.android.gms:play-services-basement:11.6.0] AndroidManifest.xml:17:5-43
MERGED from [com.android.support:support-v4:27.0.2] AndroidManifest.xml:20:5-44
MERGED from [com.android.support:support-v4:27.0.2] AndroidManifest.xml:20:5-44
MERGED from [com.android.support:support-fragment:27.0.2] AndroidManifest.xml:20:5-44
MERGED from [com.android.support:support-fragment:27.0.2] AndroidManifest.xml:20:5-44
MERGED from [com.android.support:support-core-utils:27.0.2] AndroidManifest.xml:20:5-44
MERGED from [com.android.support:support-core-utils:27.0.2] AndroidManifest.xml:20:5-44
MERGED from [com.android.support:support-media-compat:27.0.2] AndroidManifest.xml:20:5-44
MERGED from [com.android.support:support-media-compat:27.0.2] AndroidManifest.xml:20:5-44
MERGED from [com.android.support:animated-vector-drawable:27.0.2] AndroidManifest.xml:20:5-44
MERGED from [com.android.support:animated-vector-drawable:27.0.2] AndroidManifest.xml:20:5-44
MERGED from [com.android.support:support-core-ui:27.0.2] AndroidManifest.xml:20:5-44
MERGED from [com.android.support:support-core-ui:27.0.2] AndroidManifest.xml:20:5-44
MERGED from [com.android.support:support-vector-drawable:27.0.2] AndroidManifest.xml:20:5-44
MERGED from [com.android.support:support-vector-drawable:27.0.2] AndroidManifest.xml:20:5-44
MERGED from [com.android.support:transition:27.0.2] AndroidManifest.xml:20:5-44
MERGED from [com.android.support:transition:27.0.2] AndroidManifest.xml:20:5-44
MERGED from [com.android.support:support-compat:27.0.2] AndroidManifest.xml:20:5-44
MERGED from [com.android.support:support-compat:27.0.2] AndroidManifest.xml:20:5-44
MERGED from [com.google.android.gms:play-services-cast-framework-license:11.6.0] AndroidManifest.xml:4:5-43
MERGED from [com.google.android.gms:play-services-cast-framework-license:11.6.0] AndroidManifest.xml:4:5-43
MERGED from [com.crashlytics.sdk.android:beta:1.2.2] AndroidManifest.xml:7:5-43
MERGED from [com.crashlytics.sdk.android:beta:1.2.2] AndroidManifest.xml:7:5-43
MERGED from [com.crashlytics.sdk.android:crashlytics-core:2.3.14] AndroidManifest.xml:7:5-43
MERGED from [com.crashlytics.sdk.android:crashlytics-core:2.3.14] AndroidManifest.xml:7:5-43
MERGED from [com.crashlytics.sdk.android:answers:1.3.10] AndroidManifest.xml:7:5-43
MERGED from [com.crashlytics.sdk.android:answers:1.3.10] AndroidManifest.xml:7:5-43
MERGED from [io.fabric.sdk.android:fabric:1.3.14] AndroidManifest.xml:23:5-43
MERGED from [io.fabric.sdk.android:fabric:1.3.14] AndroidManifest.xml:23:5-43
MERGED from [android.arch.lifecycle:runtime:1.0.3] AndroidManifest.xml:20:5-22:41
MERGED from [android.arch.lifecycle:runtime:1.0.3] AndroidManifest.xml:20:5-22:41
MERGED from [com.google.android.gms:play-services-base-license:11.6.0] AndroidManifest.xml:4:5-43
MERGED from [com.google.android.gms:play-services-base-license:11.6.0] AndroidManifest.xml:4:5-43
MERGED from [com.google.android.gms:play-services-cast-license:11.6.0] AndroidManifest.xml:4:5-43
MERGED from [com.google.android.gms:play-services-cast-license:11.6.0] AndroidManifest.xml:4:5-43
MERGED from [com.google.android.gms:play-services-basement-license:11.6.0] AndroidManifest.xml:4:5-43
MERGED from [com.google.android.gms:play-services-basement-license:11.6.0] AndroidManifest.xml:4:5-43
MERGED from [com.google.android.gms:play-services-tasks-license:11.6.0] AndroidManifest.xml:4:5-43
MERGED from [com.google.android.gms:play-services-tasks-license:11.6.0] AndroidManifest.xml:4:5-43
INJECTED from src/main/AndroidManifest.xml:6:5-70
INJECTED from src/main/AndroidManifest.xml:6:5-70
	tools:overrideLibrary
		ADDED from src/main/AndroidManifest.xml:6:15-67
	android:targetSdkVersion
		INJECTED from src/main/AndroidManifest.xml
		ADDED from src/main/AndroidManifest.xml:6:5-70
		INJECTED from src/main/AndroidManifest.xml
	android:minSdkVersion
		INJECTED from src/main/AndroidManifest.xml
		ADDED from src/main/AndroidManifest.xml:6:5-70
		INJECTED from src/main/AndroidManifest.xml
uses-permission#android.permission.WRITE_EXTERNAL_STORAGE
ADDED from src/main/AndroidManifest.xml:8:5-81
	android:name
		ADDED from src/main/AndroidManifest.xml:8:22-78
uses-permission#android.permission.READ_EXTERNAL_STORAGE
ADDED from src/main/AndroidManifest.xml:9:5-80
	android:name
		ADDED from src/main/AndroidManifest.xml:9:22-77
uses-permission#android.permission.ACCESS_NETWORK_STATE
ADDED from src/main/AndroidManifest.xml:10:5-79
	android:name
		ADDED from src/main/AndroidManifest.xml:10:22-76
uses-permission#android.permission.INTERNET
ADDED from src/main/AndroidManifest.xml:11:5-67
MERGED from [com.crashlytics.sdk.android:crashlytics:2.6.5] AndroidManifest.xml:9:5-67
MERGED from [com.crashlytics.sdk.android:crashlytics:2.6.5] AndroidManifest.xml:9:5-67
MERGED from [com.crashlytics.sdk.android:beta:1.2.2] AndroidManifest.xml:9:5-67
MERGED from [com.crashlytics.sdk.android:beta:1.2.2] AndroidManifest.xml:9:5-67
MERGED from [com.crashlytics.sdk.android:crashlytics-core:2.3.14] AndroidManifest.xml:9:5-67
MERGED from [com.crashlytics.sdk.android:crashlytics-core:2.3.14] AndroidManifest.xml:9:5-67
MERGED from [com.crashlytics.sdk.android:answers:1.3.10] AndroidManifest.xml:9:5-67
MERGED from [com.crashlytics.sdk.android:answers:1.3.10] AndroidManifest.xml:9:5-67
MERGED from [io.fabric.sdk.android:fabric:1.3.14] AndroidManifest.xml:25:5-67
MERGED from [io.fabric.sdk.android:fabric:1.3.14] AndroidManifest.xml:25:5-67
	android:name
		ADDED from src/main/AndroidManifest.xml:11:22-64
uses-permission#android.permission.WAKE_LOCK
ADDED from src/main/AndroidManifest.xml:12:5-68
	android:name
		ADDED from src/main/AndroidManifest.xml:12:22-65
uses-permission#android.permission.BROADCAST_STICKY
ADDED from src/main/AndroidManifest.xml:13:5-75
	android:name
		ADDED from src/main/AndroidManifest.xml:13:22-72
uses-permission#com.android.vending.BILLING
ADDED from src/main/AndroidManifest.xml:14:5-67
	android:name
		ADDED from src/main/AndroidManifest.xml:14:22-64
application
ADDED from src/main/AndroidManifest.xml:17:5-155:19
MERGED from [com.github.naman14:app-theme-engine:0.5.2] AndroidManifest.xml:12:5-20
MERGED from [com.github.naman14:app-theme-engine:0.5.2] AndroidManifest.xml:12:5-20
MERGED from [com.afollestad.material-dialogs:commons:0.9.0.2] AndroidManifest.xml:12:5-20
MERGED from [com.afollestad.material-dialogs:commons:0.9.0.2] AndroidManifest.xml:12:5-20
MERGED from [com.afollestad.material-dialogs:core:0.9.0.2] AndroidManifest.xml:13:5-20
MERGED from [com.afollestad.material-dialogs:core:0.9.0.2] AndroidManifest.xml:13:5-20
MERGED from [com.google.android.gms:play-services-cast-framework:11.6.0] AndroidManifest.xml:4:5-8:19
MERGED from [com.google.android.gms:play-services-cast-framework:11.6.0] AndroidManifest.xml:4:5-8:19
MERGED from [com.google.android.gms:play-services-cast:11.6.0] AndroidManifest.xml:18:5-19
MERGED from [com.google.android.gms:play-services-cast:11.6.0] AndroidManifest.xml:18:5-19
MERGED from [net.steamcrafted:materialiconlib:1.1.4] AndroidManifest.xml:11:5-12:19
MERGED from [net.steamcrafted:materialiconlib:1.1.4] AndroidManifest.xml:11:5-12:19
MERGED from [de.Maxr1998:track-selector-lib:1.2] AndroidManifest.xml:11:5-13:38
MERGED from [de.Maxr1998:track-selector-lib:1.2] AndroidManifest.xml:11:5-13:38
MERGED from [com.crashlytics.sdk.android:crashlytics:2.6.5] AndroidManifest.xml:11:5-20
MERGED from [com.crashlytics.sdk.android:crashlytics:2.6.5] AndroidManifest.xml:11:5-20
MERGED from [com.google.android.gms:play-services-base:11.6.0] AndroidManifest.xml:18:5-20:19
MERGED from [com.google.android.gms:play-services-base:11.6.0] AndroidManifest.xml:18:5-20:19
MERGED from [com.google.android.gms:play-services-tasks:11.6.0] AndroidManifest.xml:4:5-19
MERGED from [com.google.android.gms:play-services-tasks:11.6.0] AndroidManifest.xml:4:5-19
MERGED from [com.google.android.gms:play-services-basement:11.6.0] AndroidManifest.xml:19:5-21:19
MERGED from [com.google.android.gms:play-services-basement:11.6.0] AndroidManifest.xml:19:5-21:19
MERGED from [com.google.android.gms:play-services-cast-framework-license:11.6.0] AndroidManifest.xml:5:5-20
MERGED from [com.google.android.gms:play-services-cast-framework-license:11.6.0] AndroidManifest.xml:5:5-20
MERGED from [com.crashlytics.sdk.android:beta:1.2.2] AndroidManifest.xml:11:5-20
MERGED from [com.crashlytics.sdk.android:beta:1.2.2] AndroidManifest.xml:11:5-20
MERGED from [com.crashlytics.sdk.android:crashlytics-core:2.3.14] AndroidManifest.xml:11:5-20
MERGED from [com.crashlytics.sdk.android:crashlytics-core:2.3.14] AndroidManifest.xml:11:5-20
MERGED from [com.crashlytics.sdk.android:answers:1.3.10] AndroidManifest.xml:11:5-20
MERGED from [com.crashlytics.sdk.android:answers:1.3.10] AndroidManifest.xml:11:5-20
MERGED from [io.fabric.sdk.android:fabric:1.3.14] AndroidManifest.xml:27:5-20
MERGED from [io.fabric.sdk.android:fabric:1.3.14] AndroidManifest.xml:27:5-20
MERGED from [com.google.android.gms:play-services-base-license:11.6.0] AndroidManifest.xml:5:5-20
MERGED from [com.google.android.gms:play-services-base-license:11.6.0] AndroidManifest.xml:5:5-20
MERGED from [com.google.android.gms:play-services-cast-license:11.6.0] AndroidManifest.xml:5:5-20
MERGED from [com.google.android.gms:play-services-cast-license:11.6.0] AndroidManifest.xml:5:5-20
MERGED from [com.google.android.gms:play-services-basement-license:11.6.0] AndroidManifest.xml:5:5-20
MERGED from [com.google.android.gms:play-services-basement-license:11.6.0] AndroidManifest.xml:5:5-20
MERGED from [com.google.android.gms:play-services-tasks-license:11.6.0] AndroidManifest.xml:5:5-20
MERGED from [com.google.android.gms:play-services-tasks-license:11.6.0] AndroidManifest.xml:5:5-20
	android:supportsRtl
		ADDED from [de.Maxr1998:track-selector-lib:1.2] AndroidManifest.xml:13:9-35
	android:label
		ADDED from src/main/AndroidManifest.xml:21:9-33
		REJECTED from [de.Maxr1998:track-selector-lib:1.2] AndroidManifest.xml:12:9-41
	android:icon
		ADDED from src/main/AndroidManifest.xml:20:9-38
	android:allowBackup
		ADDED from src/main/AndroidManifest.xml:19:9-36
		REJECTED from [net.steamcrafted:materialiconlib:1.1.4] AndroidManifest.xml:11:18-44
	android:theme
		ADDED from src/main/AndroidManifest.xml:22:9-39
	tools:replace
		ADDED from src/main/AndroidManifest.xml:23:9-59
	android:name
		ADDED from src/main/AndroidManifest.xml:18:9-34
activity#com.naman14.timber.activities.MainActivity
ADDED from src/main/AndroidManifest.xml:25:9-69:20
	android:screenOrientation
		ADDED from src/main/AndroidManifest.xml:28:13-49
	android:label
		ADDED from src/main/AndroidManifest.xml:27:13-37
	android:name
		ADDED from src/main/AndroidManifest.xml:26:13-52
intent-filter#android.intent.action.MAIN+android.intent.category.CATEGORY_APP_MUSIC+android.intent.category.LAUNCHER
ADDED from src/main/AndroidManifest.xml:29:13-34:29
action#android.intent.action.MAIN
ADDED from src/main/AndroidManifest.xml:30:17-69
	android:name
		ADDED from src/main/AndroidManifest.xml:30:25-66
category#android.intent.category.CATEGORY_APP_MUSIC
ADDED from src/main/AndroidManifest.xml:32:17-87
	android:name
		ADDED from src/main/AndroidManifest.xml:32:27-84
category#android.intent.category.LAUNCHER
ADDED from src/main/AndroidManifest.xml:33:17-77
	android:name
		ADDED from src/main/AndroidManifest.xml:33:27-74
intent-filter#android.intent.action.VIEW+android.intent.category.DEFAULT
ADDED from src/main/AndroidManifest.xml:35:13-44:29
action#android.intent.action.VIEW
ADDED from src/main/AndroidManifest.xml:36:17-69
	android:name
		ADDED from src/main/AndroidManifest.xml:36:25-66
category#android.intent.category.DEFAULT
ADDED from src/main/AndroidManifest.xml:37:17-76
	android:name
		ADDED from src/main/AndroidManifest.xml:37:27-73
data
ADDED from src/main/AndroidManifest.xml:39:17-47
	android:scheme
		ADDED from src/main/AndroidManifest.xml:39:23-44
	android:mimeType
		ADDED from src/main/AndroidManifest.xml:40:23-49
intent-filter#android.intent.action.VIEW+android.intent.category.BROWSABLE+android.intent.category.DEFAULT
ADDED from src/main/AndroidManifest.xml:45:13-56:29
	android:priority
		ADDED from src/main/AndroidManifest.xml:57:28-49
category#android.intent.category.BROWSABLE
ADDED from src/main/AndroidManifest.xml:49:17-78
	android:name
		ADDED from src/main/AndroidManifest.xml:49:27-75
activity#com.naman14.timber.activities.SettingsActivity
ADDED from src/main/AndroidManifest.xml:71:9-73:58
	android:theme
		ADDED from src/main/AndroidManifest.xml:73:13-55
	android:name
		ADDED from src/main/AndroidManifest.xml:72:13-56
activity#com.naman14.timber.activities.PlaylistDetailActivity
ADDED from src/main/AndroidManifest.xml:75:9-77:64
	android:theme
		ADDED from src/main/AndroidManifest.xml:77:13-61
	android:name
		ADDED from src/main/AndroidManifest.xml:76:13-62
activity#com.naman14.timber.activities.SearchActivity
ADDED from src/main/AndroidManifest.xml:79:9-81:58
	android:theme
		ADDED from src/main/AndroidManifest.xml:81:13-55
	android:name
		ADDED from src/main/AndroidManifest.xml:80:13-54
activity#com.naman14.timber.activities.NowPlayingActivity
ADDED from src/main/AndroidManifest.xml:83:9-85:64
	android:theme
		ADDED from src/main/AndroidManifest.xml:85:13-61
	android:name
		ADDED from src/main/AndroidManifest.xml:84:13-58
activity#com.naman14.timber.cast.ExpandedControlsActivity
ADDED from src/main/AndroidManifest.xml:87:9-93:20
	android:screenOrientation
		ADDED from src/main/AndroidManifest.xml:91:13-49
	android:label
		ADDED from src/main/AndroidManifest.xml:89:13-45
	android:theme
		ADDED from src/main/AndroidManifest.xml:90:13-67
	android:name
		ADDED from src/main/AndroidManifest.xml:88:13-58
receiver#com.naman14.timber.helpers.MediaButtonIntentReceiver
ADDED from src/main/AndroidManifest.xml:95:9-100:20
	android:name
		ADDED from src/main/AndroidManifest.xml:95:19-68
intent-filter#android.intent.action.MEDIA_BUTTON+android.media.AUDIO_BECOMING_NOISY
ADDED from src/main/AndroidManifest.xml:96:13-99:29
action#android.intent.action.MEDIA_BUTTON
ADDED from src/main/AndroidManifest.xml:97:17-77
	android:name
		ADDED from src/main/AndroidManifest.xml:97:25-74
action#android.media.AUDIO_BECOMING_NOISY
ADDED from src/main/AndroidManifest.xml:98:17-77
	android:name
		ADDED from src/main/AndroidManifest.xml:98:25-74
service#com.naman14.timber.MusicService
ADDED from src/main/AndroidManifest.xml:102:9-105:39
	android:process
		ADDED from src/main/AndroidManifest.xml:105:13-36
	android:label
		ADDED from src/main/AndroidManifest.xml:104:13-45
	android:name
		ADDED from src/main/AndroidManifest.xml:103:13-41
service#com.naman14.timber.WearBrowserService
ADDED from src/main/AndroidManifest.xml:107:9-113:19
	android:exported
		ADDED from src/main/AndroidManifest.xml:109:13-36
	android:name
		ADDED from src/main/AndroidManifest.xml:108:13-47
intent-filter#android.media.browse.MediaBrowserService
ADDED from src/main/AndroidManifest.xml:110:13-112:29
action#android.media.browse.MediaBrowserService
ADDED from src/main/AndroidManifest.xml:111:17-83
	android:name
		ADDED from src/main/AndroidManifest.xml:111:25-80
meta-data#io.fabric.ApiKey
ADDED from src/main/AndroidManifest.xml:116:9-118:54
	android:value
		ADDED from src/main/AndroidManifest.xml:118:13-51
	android:name
		ADDED from src/main/AndroidManifest.xml:117:13-44
meta-data#com.google.android.gms.cast.framework.OPTIONS_PROVIDER_CLASS_NAME
ADDED from src/main/AndroidManifest.xml:120:9-123:75
	android:value
		ADDED from src/main/AndroidManifest.xml:123:13-72
	android:name
		ADDED from src/main/AndroidManifest.xml:121:13-110
receiver#com.naman14.timber.widgets.desktop.StandardWidget
ADDED from src/main/AndroidManifest.xml:125:9-133:20
	android:label
		ADDED from src/main/AndroidManifest.xml:125:66-105
	android:name
		ADDED from src/main/AndroidManifest.xml:125:19-65
intent-filter#android.appwidget.action.APPWIDGET_UPDATE+com.naman14.timber.metachanged+com.naman14.timber.playstatechanged
ADDED from src/main/AndroidManifest.xml:126:13-130:29
action#android.appwidget.action.APPWIDGET_UPDATE
ADDED from src/main/AndroidManifest.xml:127:17-84
	android:name
		ADDED from src/main/AndroidManifest.xml:127:25-81
action#com.naman14.timber.metachanged
ADDED from src/main/AndroidManifest.xml:128:17-73
	android:name
		ADDED from src/main/AndroidManifest.xml:128:25-70
action#com.naman14.timber.playstatechanged
ADDED from src/main/AndroidManifest.xml:129:17-78
	android:name
		ADDED from src/main/AndroidManifest.xml:129:25-75
meta-data#android.appwidget.provider
ADDED from src/main/AndroidManifest.xml:131:13-132:59
	android:resource
		ADDED from src/main/AndroidManifest.xml:132:17-56
	android:name
		ADDED from src/main/AndroidManifest.xml:131:24-65
receiver#com.naman14.timber.widgets.desktop.WhiteWidget
ADDED from src/main/AndroidManifest.xml:135:9-143:20
	android:label
		ADDED from src/main/AndroidManifest.xml:135:63-99
	android:name
		ADDED from src/main/AndroidManifest.xml:135:19-62
receiver#com.naman14.timber.widgets.desktop.SmallWidget
ADDED from src/main/AndroidManifest.xml:145:9-153:20
	android:label
		ADDED from src/main/AndroidManifest.xml:145:63-99
	android:name
		ADDED from src/main/AndroidManifest.xml:145:19-62
receiver#com.google.android.gms.cast.framework.media.MediaIntentReceiver
ADDED from [com.google.android.gms:play-services-cast-framework:11.6.0] AndroidManifest.xml:5:9-99
	android:name
		ADDED from [com.google.android.gms:play-services-cast-framework:11.6.0] AndroidManifest.xml:5:19-97
service#com.google.android.gms.cast.framework.media.MediaNotificationService
ADDED from [com.google.android.gms:play-services-cast-framework:11.6.0] AndroidManifest.xml:6:9-103
	android:name
		ADDED from [com.google.android.gms:play-services-cast-framework:11.6.0] AndroidManifest.xml:6:18-101
service#com.google.android.gms.cast.framework.ReconnectionService
ADDED from [com.google.android.gms:play-services-cast-framework:11.6.0] AndroidManifest.xml:7:9-92
	android:name
		ADDED from [com.google.android.gms:play-services-cast-framework:11.6.0] AndroidManifest.xml:7:18-90
activity#com.google.android.gms.common.api.GoogleApiActivity
ADDED from [com.google.android.gms:play-services-base:11.6.0] AndroidManifest.xml:19:9-172
	android:exported
		ADDED from [com.google.android.gms:play-services-base:11.6.0] AndroidManifest.xml:19:146-170
	android:theme
		ADDED from [com.google.android.gms:play-services-base:11.6.0] AndroidManifest.xml:19:86-145
	android:name
		ADDED from [com.google.android.gms:play-services-base:11.6.0] AndroidManifest.xml:19:19-85
meta-data#com.google.android.gms.version
ADDED from [com.google.android.gms:play-services-basement:11.6.0] AndroidManifest.xml:20:9-121
	android:value
		ADDED from [com.google.android.gms:play-services-basement:11.6.0] AndroidManifest.xml:20:66-119
	android:name
		ADDED from [com.google.android.gms:play-services-basement:11.6.0] AndroidManifest.xml:20:20-65